This file contains any messages produced by compilers while
running configure, to aid debugging if configure makes a mistake.

It was created by ccache-swig configure 0.0, which was
generated by GNU Autoconf 2.69.  Invocation command line was

  $ ./configure --disable-option-checking --prefix=/gpfs/alpine/world-shared/stf006/arnoldt/Inspire_Project/sw/Summit/swig CC=mpicc CXX=mpiCC --with-python3=/sw/summit/python/3.7/anaconda3/5.3.0/bin/python3 --cache-file=/dev/null --srcdir=.

## --------- ##
## Platform. ##
## --------- ##

hostname = login2
uname -m = ppc64le
uname -r = 4.14.0-49.18.1.el7a.ppc64le
uname -s = Linux
uname -v = #1 SMP Thu Nov 29 03:27:24 EST 2018

/usr/bin/uname -p = ppc64le
/bin/uname -X     = unknown

/bin/arch              = ppc64le
/usr/bin/arch -k       = unknown
/usr/convex/getsysinfo = unknown
/usr/bin/hostinfo      = unknown
/bin/machine           = unknown
/usr/bin/oslevel       = unknown
/bin/universe          = unknown

PATH: /sw/sources/lsf-tools/2.0/summit/bin
PATH: /sw/summit/xalt/1.1.3/bin
PATH: /autofs/nccs-svm1_sw/summit/.swci/1-compute/opt/spack/20180914/linux-rhel7-ppc64le/gcc-8.1.1/spectrum-mpi-10.2.0.11-20190201-ufna2oxmabziokwggzsfq7ga62kbm4h4/bin
PATH: /gpfs/alpine/world-shared/stf006/arnoldt/Inspire_Project/sw/Summit/cmake/bin
PATH: /gpfs/alpine/world-shared/stf006/arnoldt/Inspire_Project/sw/Summit/swig/bin
PATH: /sw/summit/python/3.7/anaconda3/5.3.0/bin
PATH: /sw/summit/cuda/9.2.148/bin
PATH: /sw/summit/gcc/8.1.1/bin
PATH: /gpfs/alpine/world-shared/stf006/arnoldt/Inspire_Project/bin
PATH: /usr/bin
PATH: /usr/sbin
PATH: /autofs/nccs-svm1_sw/summit/.swci/1-compute/opt/spack/20180914/linux-rhel7-ppc64le/gcc-4.8.5/darshan-runtime-3.1.7-uwak6exr43zvhu2vasiddrov57baf37t/bin
PATH: /sw/sources/hpss/bin
PATH: /opt/ibm/spectrumcomputing/lsf/10.1/linux3.10-glibc2.17-ppc64le-csm/etc
PATH: /opt/ibm/spectrumcomputing/lsf/10.1/linux3.10-glibc2.17-ppc64le-csm/bin
PATH: /opt/ibm/csm/bin
PATH: /usr/local/bin
PATH: /usr/local/sbin
PATH: /opt/ibm/flightlog/bin
PATH: /opt/ibutils/bin
PATH: /opt/ibm/spectrum_mpi/jsm_pmix/bin
PATH: /opt/puppetlabs/bin
PATH: /usr/lpp/mmfs/bin
PATH: ${HOME}/bin
PATH: .


## ----------- ##
## Core tests. ##
## ----------- ##

configure:2097: Configuring ccache
configure:2151: checking for gcc
configure:2178: result: mpicc
configure:2407: checking for C compiler version
configure:2416: mpicc --version >&5
gcc (GCC) 8.1.1 20180519
Copyright (C) 2018 Free Software Foundation, Inc.
This is free software; see the source for copying conditions.  There is NO
warranty; not even for MERCHANTABILITY or FITNESS FOR A PARTICULAR PURPOSE.

configure:2427: $? = 0
configure:2416: mpicc -v >&5
Using built-in specs.
COLLECT_GCC=/sw/summit/gcc/8.1.1/bin/gcc
COLLECT_LTO_WRAPPER=/autofs/nccs-svm1_sw/summit/gcc/8.1.1/bin/../libexec/gcc/powerpc64le-unknown-linux-gnu/8.1.1/lto-wrapper
OFFLOAD_TARGET_NAMES=nvptx-none
Target: powerpc64le-unknown-linux-gnu
Configured with: /sw/summit/gcc/8.1.1/src/gcc-8.1.1/configure --prefix=/sw/summit/gcc/8.1.1 --enable-offload-targets=nvptx-none --with-cuda-driver-include=/sw/summit/cuda/9.2.148/include --with-cuda-driver-lib=/sw/summit/cuda/9.2.148/lib64 --with-cuda-driver=/sw/summit/cuda/9.2.148 --disable-bootstrap --enable-languages=c,c++,fortran,lto --disable-multilib CFLAGS='-m64 -std=gnu99'
Thread model: posix
gcc version 8.1.1 20180519 (GCC) 
configure:2427: $? = 0
configure:2416: mpicc -V >&5
gcc: error: unrecognized command line option '-V'
gcc: fatal error: no input files
compilation terminated.
configure:2427: $? = 1
configure:2416: mpicc -qversion >&5
gcc: error: unrecognized command line option '-qversion'; did you mean '--version'?
gcc: fatal error: no input files
compilation terminated.
configure:2427: $? = 1
configure:2447: checking whether the C compiler works
configure:2469: mpicc   -I/sw/summit/python/3.7/anaconda3/5.3.0/include  conftest.c  >&5
configure:2473: $? = 0
configure:2521: result: yes
configure:2524: checking for C compiler default output file name
configure:2526: result: a.out
configure:2532: checking for suffix of executables
configure:2539: mpicc -o conftest   -I/sw/summit/python/3.7/anaconda3/5.3.0/include  conftest.c  >&5
configure:2543: $? = 0
configure:2565: result: 
configure:2587: checking whether we are cross compiling
configure:2595: mpicc -o conftest   -I/sw/summit/python/3.7/anaconda3/5.3.0/include  conftest.c  >&5
configure:2599: $? = 0
configure:2606: ./conftest
configure:2610: $? = 0
configure:2625: result: no
configure:2630: checking for suffix of object files
configure:2652: mpicc -c   -I/sw/summit/python/3.7/anaconda3/5.3.0/include conftest.c >&5
configure:2656: $? = 0
configure:2677: result: o
configure:2681: checking whether we are using the GNU C compiler
configure:2700: mpicc -c   -I/sw/summit/python/3.7/anaconda3/5.3.0/include conftest.c >&5
configure:2700: $? = 0
configure:2709: result: yes
configure:2718: checking whether mpicc accepts -g
configure:2738: mpicc -c -g  -I/sw/summit/python/3.7/anaconda3/5.3.0/include conftest.c >&5
configure:2738: $? = 0
configure:2779: result: yes
configure:2796: checking for mpicc option to accept ISO C89
configure:2859: mpicc  -c -g -O2  -I/sw/summit/python/3.7/anaconda3/5.3.0/include conftest.c >&5
configure:2859: $? = 0
configure:2872: result: none needed
configure:2897: checking how to run the C preprocessor
configure:2928: mpicc -E  -I/sw/summit/python/3.7/anaconda3/5.3.0/include conftest.c
configure:2928: $? = 0
configure:2942: mpicc -E  -I/sw/summit/python/3.7/anaconda3/5.3.0/include conftest.c
conftest.c:9:10: fatal error: ac_nonexistent.h: No such file or directory
 #include <ac_nonexistent.h>
          ^~~~~~~~~~~~~~~~~~
compilation terminated.
configure:2942: $? = 1
configure: failed program was:
| /* confdefs.h */
| #define PACKAGE_NAME "ccache-swig"
| #define PACKAGE_TARNAME "ccache-swig"
| #define PACKAGE_VERSION "0.0"
| #define PACKAGE_STRING "ccache-swig 0.0"
| #define PACKAGE_BUGREPORT ""
| #define PACKAGE_URL ""
| /* end confdefs.h.  */
| #include <ac_nonexistent.h>
configure:2967: result: mpicc -E
configure:2987: mpicc -E  -I/sw/summit/python/3.7/anaconda3/5.3.0/include conftest.c
configure:2987: $? = 0
configure:3001: mpicc -E  -I/sw/summit/python/3.7/anaconda3/5.3.0/include conftest.c
conftest.c:9:10: fatal error: ac_nonexistent.h: No such file or directory
 #include <ac_nonexistent.h>
          ^~~~~~~~~~~~~~~~~~
compilation terminated.
configure:3001: $? = 1
configure: failed program was:
| /* confdefs.h */
| #define PACKAGE_NAME "ccache-swig"
| #define PACKAGE_TARNAME "ccache-swig"
| #define PACKAGE_VERSION "0.0"
| #define PACKAGE_STRING "ccache-swig 0.0"
| #define PACKAGE_BUGREPORT ""
| #define PACKAGE_URL ""
| /* end confdefs.h.  */
| #include <ac_nonexistent.h>
configure:3072: checking for a BSD-compatible install
configure:3140: result: /usr/bin/install -c
configure:3178: checking for dirent.h that defines DIR
configure:3197: mpicc -c -g -O2 -Wall -W  -I/sw/summit/python/3.7/anaconda3/5.3.0/include conftest.c >&5
configure:3197: $? = 0
configure:3205: result: yes
configure:3218: checking for library containing opendir
configure:3249: mpicc -o conftest -g -O2 -Wall -W  -I/sw/summit/python/3.7/anaconda3/5.3.0/include  conftest.c  >&5
configure:3249: $? = 0
configure:3266: result: none required
configure:3333: checking whether time.h and sys/time.h may both be included
configure:3353: mpicc -c -g -O2 -Wall -W  -I/sw/summit/python/3.7/anaconda3/5.3.0/include conftest.c >&5
configure:3353: $? = 0
configure:3360: result: yes
configure:3368: checking for sys/wait.h that is POSIX.1 compatible
configure:3394: mpicc -c -g -O2 -Wall -W  -I/sw/summit/python/3.7/anaconda3/5.3.0/include conftest.c >&5
configure:3394: $? = 0
configure:3401: result: yes
configure:3411: checking for grep that handles long lines and -e
configure:3469: result: /usr/bin/grep
configure:3474: checking for egrep
configure:3536: result: /usr/bin/grep -E
configure:3541: checking for ANSI C header files
configure:3561: mpicc -c -g -O2 -Wall -W  -I/sw/summit/python/3.7/anaconda3/5.3.0/include conftest.c >&5
configure:3561: $? = 0
configure:3634: mpicc -o conftest -g -O2 -Wall -W  -I/sw/summit/python/3.7/anaconda3/5.3.0/include  conftest.c  >&5
configure:3634: $? = 0
configure:3634: ./conftest
configure:3634: $? = 0
configure:3645: result: yes
configure:3658: checking for sys/types.h
configure:3658: mpicc -c -g -O2 -Wall -W  -I/sw/summit/python/3.7/anaconda3/5.3.0/include conftest.c >&5
configure:3658: $? = 0
configure:3658: result: yes
configure:3658: checking for sys/stat.h
configure:3658: mpicc -c -g -O2 -Wall -W  -I/sw/summit/python/3.7/anaconda3/5.3.0/include conftest.c >&5
configure:3658: $? = 0
configure:3658: result: yes
configure:3658: checking for stdlib.h
configure:3658: mpicc -c -g -O2 -Wall -W  -I/sw/summit/python/3.7/anaconda3/5.3.0/include conftest.c >&5
configure:3658: $? = 0
configure:3658: result: yes
configure:3658: checking for string.h
configure:3658: mpicc -c -g -O2 -Wall -W  -I/sw/summit/python/3.7/anaconda3/5.3.0/include conftest.c >&5
configure:3658: $? = 0
configure:3658: result: yes
configure:3658: checking for memory.h
configure:3658: mpicc -c -g -O2 -Wall -W  -I/sw/summit/python/3.7/anaconda3/5.3.0/include conftest.c >&5
configure:3658: $? = 0
configure:3658: result: yes
configure:3658: checking for strings.h
configure:3658: mpicc -c -g -O2 -Wall -W  -I/sw/summit/python/3.7/anaconda3/5.3.0/include conftest.c >&5
configure:3658: $? = 0
configure:3658: result: yes
configure:3658: checking for inttypes.h
configure:3658: mpicc -c -g -O2 -Wall -W  -I/sw/summit/python/3.7/anaconda3/5.3.0/include conftest.c >&5
configure:3658: $? = 0
configure:3658: result: yes
configure:3658: checking for stdint.h
configure:3658: mpicc -c -g -O2 -Wall -W  -I/sw/summit/python/3.7/anaconda3/5.3.0/include conftest.c >&5
configure:3658: $? = 0
configure:3658: result: yes
configure:3658: checking for unistd.h
configure:3658: mpicc -c -g -O2 -Wall -W  -I/sw/summit/python/3.7/anaconda3/5.3.0/include conftest.c >&5
configure:3658: $? = 0
configure:3658: result: yes
configure:3673: checking ctype.h usability
configure:3673: mpicc -c -g -O2 -Wall -W  -I/sw/summit/python/3.7/anaconda3/5.3.0/include conftest.c >&5
configure:3673: $? = 0
configure:3673: result: yes
configure:3673: checking ctype.h presence
configure:3673: mpicc -E  -I/sw/summit/python/3.7/anaconda3/5.3.0/include conftest.c
configure:3673: $? = 0
configure:3673: result: yes
configure:3673: checking for ctype.h
configure:3673: result: yes
configure:3673: checking for strings.h
configure:3673: result: yes
configure:3673: checking for stdlib.h
configure:3673: result: yes
configure:3673: checking for string.h
configure:3673: result: yes
configure:3673: checking pwd.h usability
configure:3673: mpicc -c -g -O2 -Wall -W  -I/sw/summit/python/3.7/anaconda3/5.3.0/include conftest.c >&5
configure:3673: $? = 0
configure:3673: result: yes
configure:3673: checking pwd.h presence
configure:3673: mpicc -E  -I/sw/summit/python/3.7/anaconda3/5.3.0/include conftest.c
configure:3673: $? = 0
configure:3673: result: yes
configure:3673: checking for pwd.h
configure:3673: result: yes
configure:3673: checking sys/time.h usability
configure:3673: mpicc -c -g -O2 -Wall -W  -I/sw/summit/python/3.7/anaconda3/5.3.0/include conftest.c >&5
configure:3673: $? = 0
configure:3673: result: yes
configure:3673: checking sys/time.h presence
configure:3673: mpicc -E  -I/sw/summit/python/3.7/anaconda3/5.3.0/include conftest.c
configure:3673: $? = 0
configure:3673: result: yes
configure:3673: checking for sys/time.h
configure:3673: result: yes
configure:3687: checking for realpath
configure:3687: mpicc -o conftest -g -O2 -Wall -W  -I/sw/summit/python/3.7/anaconda3/5.3.0/include  conftest.c  >&5
configure:3687: $? = 0
configure:3687: result: yes
configure:3687: checking for snprintf
configure:3687: mpicc -o conftest -g -O2 -Wall -W  -I/sw/summit/python/3.7/anaconda3/5.3.0/include  conftest.c  >&5
conftest.c:53:6: warning: conflicting types for built-in function 'snprintf' [-Wbuiltin-declaration-mismatch]
 char snprintf ();
      ^~~~~~~~
configure:3687: $? = 0
configure:3687: result: yes
configure:3687: checking for vsnprintf
configure:3687: mpicc -o conftest -g -O2 -Wall -W  -I/sw/summit/python/3.7/anaconda3/5.3.0/include  conftest.c  >&5
conftest.c:54:6: warning: conflicting types for built-in function 'vsnprintf' [-Wbuiltin-declaration-mismatch]
 char vsnprintf ();
      ^~~~~~~~~
configure:3687: $? = 0
configure:3687: result: yes
configure:3687: checking for vasprintf
configure:3687: mpicc -o conftest -g -O2 -Wall -W  -I/sw/summit/python/3.7/anaconda3/5.3.0/include  conftest.c  >&5
configure:3687: $? = 0
configure:3687: result: yes
configure:3687: checking for asprintf
configure:3687: mpicc -o conftest -g -O2 -Wall -W  -I/sw/summit/python/3.7/anaconda3/5.3.0/include  conftest.c  >&5
configure:3687: $? = 0
configure:3687: result: yes
configure:3687: checking for mkstemp
configure:3687: mpicc -o conftest -g -O2 -Wall -W  -I/sw/summit/python/3.7/anaconda3/5.3.0/include  conftest.c  >&5
configure:3687: $? = 0
configure:3687: result: yes
configure:3699: checking for gethostname
configure:3699: mpicc -o conftest -g -O2 -Wall -W  -I/sw/summit/python/3.7/anaconda3/5.3.0/include  conftest.c  >&5
configure:3699: $? = 0
configure:3699: result: yes
configure:3699: checking for getpwuid
configure:3699: mpicc -o conftest -g -O2 -Wall -W  -I/sw/summit/python/3.7/anaconda3/5.3.0/include  conftest.c  >&5
configure:3699: $? = 0
configure:3699: result: yes
configure:3710: checking for utimes
configure:3710: mpicc -o conftest -g -O2 -Wall -W  -I/sw/summit/python/3.7/anaconda3/5.3.0/include  conftest.c  >&5
configure:3710: $? = 0
configure:3710: result: yes
configure:3720: checking for compar_fn_t in stdlib.h
configure:3739: mpicc -c -g -O2 -Wall -W  -I/sw/summit/python/3.7/anaconda3/5.3.0/include conftest.c >&5
conftest.c: In function 'test_fn':
conftest.c:43:22: warning: null argument where non-null required (argument 1) [-Wnonnull]
 void test_fn(void) { qsort(NULL, 0, 0, (__compar_fn_t)NULL); }
                      ^~~~~
conftest.c:43:22: warning: null argument where non-null required (argument 4) [-Wnonnull]
At top level:
conftest.c:43:6: warning: 'test_fn' defined but not used [-Wunused-function]
 void test_fn(void) { qsort(NULL, 0, 0, (__compar_fn_t)NULL); }
      ^~~~~~~
configure:3739: $? = 0
configure:3746: result: yes
configure:3754: checking for C99 vsnprintf
configure:3785: mpicc -o conftest -g -O2 -Wall -W  -I/sw/summit/python/3.7/anaconda3/5.3.0/include  conftest.c  >&5
conftest.c: In function 'foo':
conftest.c:48:14: warning: implicit declaration of function 'vsnprintf' [-Wimplicit-function-declaration]
        len = vsnprintf(0, 0, format, ap);
              ^~~~~~~~~
conftest.c:50:22: warning: implicit declaration of function 'exit' [-Wimplicit-function-declaration]
        if (len != 5) exit(1);
                      ^~~~
conftest.c:50:22: warning: incompatible implicit declaration of built-in function 'exit'
conftest.c:50:22: note: include '<stdlib.h>' or provide a declaration of 'exit'
conftest.c:42:1:
+#include <stdlib.h>
 void foo(const char *format, ...) {
conftest.c:50:22:
        if (len != 5) exit(1);
                      ^~~~
conftest.c:52:12: warning: implicit declaration of function 'snprintf' [-Wimplicit-function-declaration]
        if (snprintf(buf, 3, "hello") != 5 || strcmp(buf, "he") != 0) exit(1);
            ^~~~~~~~
conftest.c:52:12: warning: incompatible implicit declaration of built-in function 'snprintf'
conftest.c:52:12: note: include '<stdio.h>' or provide a declaration of 'snprintf'
conftest.c:42:1:
+#include <stdio.h>
 void foo(const char *format, ...) {
conftest.c:52:12:
        if (snprintf(buf, 3, "hello") != 5 || strcmp(buf, "he") != 0) exit(1);
            ^~~~~~~~
conftest.c:52:46: warning: implicit declaration of function 'strcmp' [-Wimplicit-function-declaration]
        if (snprintf(buf, 3, "hello") != 5 || strcmp(buf, "he") != 0) exit(1);
                                              ^~~~~~
conftest.c:52:70: warning: incompatible implicit declaration of built-in function 'exit'
        if (snprintf(buf, 3, "hello") != 5 || strcmp(buf, "he") != 0) exit(1);
                                                                      ^~~~
conftest.c:52:70: note: include '<stdlib.h>' or provide a declaration of 'exit'
conftest.c:54:8: warning: incompatible implicit declaration of built-in function 'exit'
        exit(0);
        ^~~~
conftest.c:54:8: note: include '<stdlib.h>' or provide a declaration of 'exit'
conftest.c: At top level:
conftest.c:56:1: warning: return type defaults to 'int' [-Wimplicit-int]
 main() { foo("hello"); }
 ^~~~
conftest.c: In function 'foo':
conftest.c:52:12: warning: 'hello' directive output truncated writing 5 bytes into a region of size 3 [-Wformat-truncation=]
        if (snprintf(buf, 3, "hello") != 5 || strcmp(buf, "he") != 0) exit(1);
            ^~~~~~~~~~~~~~~~~~~~~~~~~
conftest.c:52:12: note: 'snprintf' output 6 bytes into a destination of size 3
configure:3785: $? = 0
configure:3785: ./conftest
configure:3785: $? = 0
configure:3795: result: yes
configure:3812: checking zlib.h usability
configure:3812: mpicc -c -g -O2 -Wall -W  -I/sw/summit/python/3.7/anaconda3/5.3.0/include conftest.c >&5
configure:3812: $? = 0
configure:3812: result: yes
configure:3812: checking zlib.h presence
configure:3812: mpicc -E  -I/sw/summit/python/3.7/anaconda3/5.3.0/include conftest.c
configure:3812: $? = 0
configure:3812: result: yes
configure:3812: checking for zlib.h
configure:3812: result: yes
configure:3814: checking for gzdopen in -lz
configure:3839: mpicc -o conftest -g -O2 -Wall -W  -I/sw/summit/python/3.7/anaconda3/5.3.0/include  conftest.c -lz   >&5
configure:3839: $? = 0
configure:3848: result: yes
configure:3978: creating ./config.status

## ---------------------- ##
## Running config.status. ##
## ---------------------- ##

This file was extended by ccache-swig config.status 0.0, which was
generated by GNU Autoconf 2.69.  Invocation command line was

  CONFIG_FILES    = 
  CONFIG_HEADERS  = 
  CONFIG_LINKS    = 
  CONFIG_COMMANDS = 
  $ ./config.status 

on login2

config.status:823: creating Makefile
config.status:823: creating config.h
config.status:998: config.h is unchanged

## ---------------- ##
## Cache variables. ##
## ---------------- ##

ac_cv_c_compiler_gnu=yes
ac_cv_env_CC_set=set
ac_cv_env_CC_value=mpicc
ac_cv_env_CFLAGS_set=
ac_cv_env_CFLAGS_value=
ac_cv_env_CPPFLAGS_set=set
ac_cv_env_CPPFLAGS_value=' -I/sw/summit/python/3.7/anaconda3/5.3.0/include'
ac_cv_env_CPP_set=
ac_cv_env_CPP_value=
ac_cv_env_LDFLAGS_set=set
ac_cv_env_LDFLAGS_value=
ac_cv_env_LIBS_set=
ac_cv_env_LIBS_value=
ac_cv_env_build_alias_set=
ac_cv_env_build_alias_value=
ac_cv_env_host_alias_set=
ac_cv_env_host_alias_value=
ac_cv_env_target_alias_set=
ac_cv_env_target_alias_value=
ac_cv_func_asprintf=yes
ac_cv_func_gethostname=yes
ac_cv_func_getpwuid=yes
ac_cv_func_mkstemp=yes
ac_cv_func_realpath=yes
ac_cv_func_snprintf=yes
ac_cv_func_utimes=yes
ac_cv_func_vasprintf=yes
ac_cv_func_vsnprintf=yes
ac_cv_header_ctype_h=yes
ac_cv_header_dirent_dirent_h=yes
ac_cv_header_inttypes_h=yes
ac_cv_header_memory_h=yes
ac_cv_header_pwd_h=yes
ac_cv_header_stdc=yes
ac_cv_header_stdint_h=yes
ac_cv_header_stdlib_h=yes
ac_cv_header_string_h=yes
ac_cv_header_strings_h=yes
ac_cv_header_sys_stat_h=yes
ac_cv_header_sys_time_h=yes
ac_cv_header_sys_types_h=yes
ac_cv_header_sys_wait_h=yes
ac_cv_header_time=yes
ac_cv_header_unistd_h=yes
ac_cv_header_zlib_h=yes
ac_cv_lib_z_gzdopen=yes
ac_cv_objext=o
ac_cv_path_EGREP='/usr/bin/grep -E'
ac_cv_path_GREP=/usr/bin/grep
ac_cv_path_install='/usr/bin/install -c'
ac_cv_prog_CPP='mpicc -E'
ac_cv_prog_ac_ct_CC=mpicc
ac_cv_prog_cc_c89=
ac_cv_prog_cc_g=yes
ac_cv_search_opendir='none required'
ccache_cv_COMPAR_FN_T=yes
ccache_cv_HAVE_C99_VSNPRINTF=yes

## ----------------- ##
## Output variables. ##
## ----------------- ##

CC='mpicc'
CFLAGS='-g -O2 -Wall -W'
CPP='mpicc -E'
CPPFLAGS=' -I/sw/summit/python/3.7/anaconda3/5.3.0/include'
DEFS='-DHAVE_CONFIG_H'
ECHO_C=''
ECHO_N='-n'
ECHO_T=''
EGREP='/usr/bin/grep -E'
EXEEXT=''
GREP='/usr/bin/grep'
INSTALL_DATA='${INSTALL} -m 644'
INSTALL_PROGRAM='${INSTALL}'
INSTALL_SCRIPT='${INSTALL}'
LDFLAGS=''
LIBOBJS=''
LIBS='-lz '
LTLIBOBJS=''
OBJEXT='o'
PACKAGE_BUGREPORT=''
PACKAGE_NAME='ccache-swig'
PACKAGE_STRING='ccache-swig 0.0'
PACKAGE_TARNAME='ccache-swig'
PACKAGE_URL=''
PACKAGE_VERSION='0.0'
PATH_SEPARATOR=':'
SHELL='/bin/sh'
ac_ct_CC='mpicc'
bindir='${exec_prefix}/bin'
build_alias=''
datadir='${datarootdir}'
datarootdir='${prefix}/share'
docdir='${datarootdir}/doc/${PACKAGE_TARNAME}'
dvidir='${docdir}'
exec_prefix='${prefix}'
host_alias=''
htmldir='${docdir}'
includedir='${prefix}/include'
infodir='${datarootdir}/info'
libdir='${exec_prefix}/lib'
libexecdir='${exec_prefix}/libexec'
localedir='${datarootdir}/locale'
localstatedir='${prefix}/var'
mandir='${datarootdir}/man'
oldincludedir='/usr/include'
pdfdir='${docdir}'
prefix='/gpfs/alpine/world-shared/stf006/arnoldt/Inspire_Project/sw/Summit/swig'
program_transform_name='s,x,x,'
psdir='${docdir}'
sbindir='${exec_prefix}/sbin'
sharedstatedir='${prefix}/com'
sysconfdir='${prefix}/etc'
target_alias=''

## ----------- ##
## confdefs.h. ##
## ----------- ##

/* confdefs.h */
#define PACKAGE_NAME "ccache-swig"
#define PACKAGE_TARNAME "ccache-swig"
#define PACKAGE_VERSION "0.0"
#define PACKAGE_STRING "ccache-swig 0.0"
#define PACKAGE_BUGREPORT ""
#define PACKAGE_URL ""
#define _GNU_SOURCE 1
#define HAVE_DIRENT_H 1
#define TIME_WITH_SYS_TIME 1
#define HAVE_SYS_WAIT_H 1
#define STDC_HEADERS 1
#define HAVE_SYS_TYPES_H 1
#define HAVE_SYS_STAT_H 1
#define HAVE_STDLIB_H 1
#define HAVE_STRING_H 1
#define HAVE_MEMORY_H 1
#define HAVE_STRINGS_H 1
#define HAVE_INTTYPES_H 1
#define HAVE_STDINT_H 1
#define HAVE_UNISTD_H 1
#define HAVE_CTYPE_H 1
#define HAVE_STRINGS_H 1
#define HAVE_STDLIB_H 1
#define HAVE_STRING_H 1
#define HAVE_PWD_H 1
#define HAVE_SYS_TIME_H 1
#define HAVE_REALPATH 1
#define HAVE_SNPRINTF 1
#define HAVE_VSNPRINTF 1
#define HAVE_VASPRINTF 1
#define HAVE_ASPRINTF 1
#define HAVE_MKSTEMP 1
#define HAVE_GETHOSTNAME 1
#define HAVE_GETPWUID 1
#define HAVE_UTIMES 1
#define HAVE_COMPAR_FN_T 1
#define HAVE_C99_VSNPRINTF 1
#define ENABLE_ZLIB 1

configure: exit 0
